
{"ip":"::1","url":"/api/reviews/","method":"POST","userAgent":"Mozilla/5.0 (Windows NT 10.0; Win64; x64) AppleWebKit/537.36 (KHTML, like Gecko) Chrome/67.0.3396.99 Safari/537.36","date":"2018-7-24 09:02:55"}
{"ip":"::1","url":"/api/products/","method":"POST","userAgent":"Mozilla/5.0 (Windows NT 10.0; Win64; x64) AppleWebKit/537.36 (KHTML, like Gecko) Chrome/67.0.3396.99 Safari/537.36","date":"2018-7-24 09:03:19"}
{"ip":"::1","url":"/api/products/","method":"GET","userAgent":"Mozilla/5.0 (Windows NT 10.0; Win64; x64) AppleWebKit/537.36 (KHTML, like Gecko) Chrome/67.0.3396.99 Safari/537.36","date":"2018-7-24 09:03:23"}
{"ip":"::1","url":"/api/reviews/","method":"GET","userAgent":"Mozilla/5.0 (Windows NT 10.0; Win64; x64) AppleWebKit/537.36 (KHTML, like Gecko) Chrome/67.0.3396.99 Safari/537.36","date":"2018-7-24 09:03:28"}
{"ip":"::1","url":"/api/reviews/","method":"GET","userAgent":"Mozilla/5.0 (Windows NT 10.0; Win64; x64) AppleWebKit/537.36 (KHTML, like Gecko) Chrome/67.0.3396.99 Safari/537.36","date":"2018-7-24 09:03:29"}
{"ip":"::1","url":"/api/products/w","method":"GET","userAgent":"Mozilla/5.0 (Windows NT 10.0; Win64; x64) AppleWebKit/537.36 (KHTML, like Gecko) Chrome/67.0.3396.99 Safari/537.36","date":"2018-7-24 09:03:44"}
{"ip":"::1","url":"/api/products","method":"GET","userAgent":"Mozilla/5.0 (Windows NT 10.0; Win64; x64) AppleWebKit/537.36 (KHTML, like Gecko) Chrome/67.0.3396.99 Safari/537.36","date":"2018-7-24 09:03:47"}
{"ip":"::1","url":"/api/reviews/write-review","method":"POST","userAgent":"Mozilla/5.0 (Windows NT 10.0; Win64; x64) AppleWebKit/537.36 (KHTML, like Gecko) Chrome/67.0.3396.99 Safari/537.36","date":"2018-7-24 09:04:24"}
{"ip":"::1","url":"/api/reviews/write-review","method":"POST","userAgent":"Mozilla/5.0 (Windows NT 10.0; Win64; x64) AppleWebKit/537.36 (KHTML, like Gecko) Chrome/67.0.3396.99 Safari/537.36","date":"2018-7-24 09:04:39"}
{"ip":"::1","url":"/api/reviews/write-review","method":"POST","userAgent":"Mozilla/5.0 (Windows NT 10.0; Win64; x64) AppleWebKit/537.36 (KHTML, like Gecko) Chrome/67.0.3396.99 Safari/537.36","date":"2018-7-24 09:04:58"}
{"ip":"::1","url":"/api/products","method":"GET","userAgent":"Mozilla/5.0 (Windows NT 10.0; Win64; x64) AppleWebKit/537.36 (KHTML, like Gecko) Chrome/67.0.3396.99 Safari/537.36","date":"2018-7-24 09:05:19"}
{"ip":"::1","url":"/api/products/5b473485f0ae6b0a3cdfef2a","method":"GET","userAgent":"Mozilla/5.0 (Windows NT 10.0; Win64; x64) AppleWebKit/537.36 (KHTML, like Gecko) Chrome/67.0.3396.99 Safari/537.36","date":"2018-7-24 09:05:25"}
{"ip":"::1","url":"/api/products/","method":"GET","userAgent":"Mozilla/5.0 (Windows NT 10.0; Win64; x64) AppleWebKit/537.36 (KHTML, like Gecko) Chrome/67.0.3396.99 Safari/537.36","date":"2018-7-24 09:05:44"}
{"ip":"::1","url":"/api/reviews/write-review","method":"POST","userAgent":"Mozilla/5.0 (Windows NT 10.0; Win64; x64) AppleWebKit/537.36 (KHTML, like Gecko) Chrome/67.0.3396.99 Safari/537.36","date":"2018-7-24 09:06:32"}
{"ip":"::1","url":"/api/reviews/write-review","method":"POST","userAgent":"Mozilla/5.0 (Windows NT 10.0; Win64; x64) AppleWebKit/537.36 (KHTML, like Gecko) Chrome/67.0.3396.99 Safari/537.36","date":"2018-7-24 09:06:43"}
{"ip":"::1","url":"/api/reviews/write-review","method":"POST","userAgent":"Mozilla/5.0 (Windows NT 10.0; Win64; x64) AppleWebKit/537.36 (KHTML, like Gecko) Chrome/67.0.3396.99 Safari/537.36","date":"2018-7-24 09:07:14"}
{"ip":"::1","url":"/api/products/5b473485f0ae6b0a3cdfef2a","method":"GET","userAgent":"Mozilla/5.0 (Windows NT 10.0; Win64; x64) AppleWebKit/537.36 (KHTML, like Gecko) Chrome/67.0.3396.99 Safari/537.36","date":"2018-7-24 09:07:17"}
{"ip":"::1","url":"/api/products/","method":"GET","userAgent":"Mozilla/5.0 (Windows NT 10.0; Win64; x64) AppleWebKit/537.36 (KHTML, like Gecko) Chrome/67.0.3396.99 Safari/537.36","date":"2018-7-24 09:07:24"}
{"ip":"::1","url":"/api/products/5b474d115400f21f5041bbc4","method":"GET","userAgent":"Mozilla/5.0 (Windows NT 10.0; Win64; x64) AppleWebKit/537.36 (KHTML, like Gecko) Chrome/67.0.3396.99 Safari/537.36","date":"2018-7-24 09:07:30"}
{"ip":"::1","url":"/api/products/","method":"GET","userAgent":"Mozilla/5.0 (Windows NT 10.0; Win64; x64) AppleWebKit/537.36 (KHTML, like Gecko) Chrome/67.0.3396.99 Safari/537.36","date":"2018-7-24 09:12:09"}
{"ip":"::1","url":"/","method":"GET","userAgent":"Mozilla/5.0 (Windows NT 10.0; Win64; x64) AppleWebKit/537.36 (KHTML, like Gecko) Chrome/68.0.3440.75 Safari/537.36","date":"2018-7-28 21:02:12"}
{"ip":"::1","url":"/favicon.ico","method":"GET","userAgent":"Mozilla/5.0 (Windows NT 10.0; Win64; x64) AppleWebKit/537.36 (KHTML, like Gecko) Chrome/68.0.3440.75 Safari/537.36","date":"2018-7-28 21:02:14"}
{"ip":"::1","url":"/","method":"GET","userAgent":"Mozilla/5.0 (Windows NT 10.0; Win64; x64) AppleWebKit/537.36 (KHTML, like Gecko) Chrome/68.0.3440.75 Safari/537.36","date":"2018-7-28 21:05:10"}
{"ip":"::1","url":"/favicon.ico","method":"GET","userAgent":"Mozilla/5.0 (Windows NT 10.0; Win64; x64) AppleWebKit/537.36 (KHTML, like Gecko) Chrome/68.0.3440.75 Safari/537.36","date":"2018-7-28 21:05:11"}
{"ip":"::1","url":"/api/products","method":"GET","userAgent":"Mozilla/5.0 (Windows NT 10.0; Win64; x64) AppleWebKit/537.36 (KHTML, like Gecko) Chrome/68.0.3440.75 Safari/537.36","date":"2018-7-28 21:05:22"}
{"ip":"::1","url":"/favicon.ico","method":"GET","userAgent":"Mozilla/5.0 (Windows NT 10.0; Win64; x64) AppleWebKit/537.36 (KHTML, like Gecko) Chrome/68.0.3440.75 Safari/537.36","date":"2018-7-28 21:05:23"}